0 info it worked if it ends with ok
1 verbose cli [ '/usr/local/bin/node',
1 verbose cli   '/usr/local/bin/npm',
1 verbose cli   'install',
1 verbose cli   '-g',
1 verbose cli   'bower' ]
2 info using npm@2.15.6
3 info using node@v5.1.0
4 verbose install initial load of /usr/local/lib/package.json
5 verbose readDependencies loading dependencies from /usr/local/lib/package.json
6 silly cache add args [ 'bower', null ]
7 verbose cache add spec bower
8 silly cache add parsed spec Result {
8 silly cache add   raw: 'bower',
8 silly cache add   scope: null,
8 silly cache add   name: 'bower',
8 silly cache add   rawSpec: '',
8 silly cache add   spec: 'latest',
8 silly cache add   type: 'tag' }
9 silly addNamed bower@latest
10 verbose addNamed "latest" is being treated as a dist-tag for bower
11 info addNameTag [ 'bower', 'latest' ]
12 silly mapToRegistry name bower
13 silly mapToRegistry using default registry
14 silly mapToRegistry registry https://registry.npmjs.org/
15 silly mapToRegistry data Result {
15 silly mapToRegistry   raw: 'bower',
15 silly mapToRegistry   scope: null,
15 silly mapToRegistry   name: 'bower',
15 silly mapToRegistry   rawSpec: '',
15 silly mapToRegistry   spec: 'latest',
15 silly mapToRegistry   type: 'tag' }
16 silly mapToRegistry uri https://registry.npmjs.org/bower
17 verbose addNameTag registry:https://registry.npmjs.org/bower not in flight; fetching
18 verbose request uri https://registry.npmjs.org/bower
19 verbose request no auth needed
20 info attempt registry request try #1 at 8:49:46 PM
21 verbose request id 374b254befa75bf5
22 http request GET https://registry.npmjs.org/bower
23 http 200 https://registry.npmjs.org/bower
24 verbose headers { server: 'CouchDB/1.5.0 (Erlang OTP/R16B03)',
24 verbose headers   etag: '"DAFA6DH1DFZ44HGODT1YZ4KIH"',
24 verbose headers   'content-type': 'application/json',
24 verbose headers   'content-encoding': 'gzip',
24 verbose headers   'cache-control': 'max-age=300',
24 verbose headers   'content-length': '20490',
24 verbose headers   'accept-ranges': 'bytes',
24 verbose headers   date: 'Tue, 05 Jul 2016 03:49:47 GMT',
24 verbose headers   via: '1.1 varnish',
24 verbose headers   age: '79',
24 verbose headers   connection: 'keep-alive',
24 verbose headers   'x-served-by': 'cache-lax1428-LAX',
24 verbose headers   'x-cache': 'HIT',
24 verbose headers   'x-cache-hits': '38',
24 verbose headers   'x-timer': 'S1467690587.439361,VS0,VE0',
24 verbose headers   vary: 'Accept-Encoding' }
25 silly get cb [ 200,
25 silly get   { server: 'CouchDB/1.5.0 (Erlang OTP/R16B03)',
25 silly get     etag: '"DAFA6DH1DFZ44HGODT1YZ4KIH"',
25 silly get     'content-type': 'application/json',
25 silly get     'content-encoding': 'gzip',
25 silly get     'cache-control': 'max-age=300',
25 silly get     'content-length': '20490',
25 silly get     'accept-ranges': 'bytes',
25 silly get     date: 'Tue, 05 Jul 2016 03:49:47 GMT',
25 silly get     via: '1.1 varnish',
25 silly get     age: '79',
25 silly get     connection: 'keep-alive',
25 silly get     'x-served-by': 'cache-lax1428-LAX',
25 silly get     'x-cache': 'HIT',
25 silly get     'x-cache-hits': '38',
25 silly get     'x-timer': 'S1467690587.439361,VS0,VE0',
25 silly get     vary: 'Accept-Encoding' } ]
26 verbose get saving bower to /Users/Eric/.npm/registry.npmjs.org/bower/.cache.json
27 verbose correctMkdir /Users/Eric/.npm correctMkdir not in flight; initializing
28 silly addNameTag next cb for bower with tag latest
29 silly addNamed bower@1.7.9
30 verbose addNamed "1.7.9" is a plain semver version for bower
31 silly mapToRegistry name bower
32 silly mapToRegistry using default registry
33 silly mapToRegistry registry https://registry.npmjs.org/
34 silly mapToRegistry data Result {
34 silly mapToRegistry   raw: 'bower',
34 silly mapToRegistry   scope: null,
34 silly mapToRegistry   name: 'bower',
34 silly mapToRegistry   rawSpec: '',
34 silly mapToRegistry   spec: 'latest',
34 silly mapToRegistry   type: 'tag' }
35 silly mapToRegistry uri https://registry.npmjs.org/bower
36 verbose addRemoteTarball https://registry.npmjs.org/bower/-/bower-1.7.9.tgz not in flight; adding
37 verbose addRemoteTarball [ 'https://registry.npmjs.org/bower/-/bower-1.7.9.tgz',
37 verbose addRemoteTarball   'b7296c2393e0d75edaa6ca39648132dd255812b0' ]
38 info retry fetch attempt 1 at 8:49:47 PM
39 info attempt registry request try #1 at 8:49:47 PM
40 http fetch GET https://registry.npmjs.org/bower/-/bower-1.7.9.tgz
41 http fetch 200 https://registry.npmjs.org/bower/-/bower-1.7.9.tgz
42 silly fetchAndShaCheck shasum b7296c2393e0d75edaa6ca39648132dd255812b0
43 verbose addTmpTarball /var/folders/42/m_27qybx6fq6zczhbg1w8n5w0000gn/T/npm-1544-a949e697/registry.npmjs.org/bower/-/bower-1.7.9.tgz not in flight; adding
44 verbose addTmpTarball already have metadata; skipping unpack for bower@1.7.9
45 verbose correctMkdir /Users/Eric/.npm correctMkdir not in flight; initializing
46 silly cache afterAdd bower@1.7.9
47 verbose afterAdd /Users/Eric/.npm/bower/1.7.9/package/package.json not in flight; writing
48 verbose correctMkdir /Users/Eric/.npm correctMkdir not in flight; initializing
49 verbose afterAdd /Users/Eric/.npm/bower/1.7.9/package/package.json written
50 silly install resolved [ { name: 'bower',
50 silly install resolved     version: '1.7.9',
50 silly install resolved     description: 'The browser package manager',
50 silly install resolved     author: { name: 'Twitter' },
50 silly install resolved     license: 'MIT',
50 silly install resolved     repository: { type: 'git', url: 'git+https://github.com/bower/bower.git' },
50 silly install resolved     main: 'lib',
50 silly install resolved     bin: { bower: 'bin/bower' },
50 silly install resolved     homepage: 'http://bower.io',
50 silly install resolved     engines: { node: '>=0.10.0' },
50 silly install resolved     keywords: [ 'bower' ],
50 silly install resolved     files: [ 'bin', 'lib' ],
50 silly install resolved     bugs: { url: 'https://github.com/bower/bower/issues' },
50 silly install resolved     _id: 'bower@1.7.9',
50 silly install resolved     scripts: {},
50 silly install resolved     _shasum: 'b7296c2393e0d75edaa6ca39648132dd255812b0',
50 silly install resolved     _from: 'bower@latest',
50 silly install resolved     _npmVersion: '3.7.3',
50 silly install resolved     _nodeVersion: '5.9.0',
50 silly install resolved     _npmUser: { name: 'sheerun', email: 'sheerun@sher.pl' },
50 silly install resolved     dist:
50 silly install resolved      { shasum: 'b7296c2393e0d75edaa6ca39648132dd255812b0',
50 silly install resolved        tarball: 'https://registry.npmjs.org/bower/-/bower-1.7.9.tgz' },
50 silly install resolved     maintainers:
50 silly install resolved      [ [Object],
50 silly install resolved        [Object],
50 silly install resolved        [Object],
50 silly install resolved        [Object],
50 silly install resolved        [Object],
50 silly install resolved        [Object],
50 silly install resolved        [Object] ],
50 silly install resolved     _npmOperationalInternal:
50 silly install resolved      { host: 'packages-12-west.internal.npmjs.com',
50 silly install resolved        tmp: 'tmp/bower-1.7.9.tgz_1459857239351_0.9720134933013469' },
50 silly install resolved     directories: {},
50 silly install resolved     _resolved: 'https://registry.npmjs.org/bower/-/bower-1.7.9.tgz' } ]
51 info install bower@1.7.9 into /usr/local/lib
52 info installOne bower@1.7.9
53 verbose installOne of bower to /usr/local/lib not in flight; installing
54 verbose correctMkdir /Users/Eric/.npm/_locks correctMkdir not in flight; initializing
55 verbose lock using /Users/Eric/.npm/_locks/bower-e8debc5417026b57.lock for /usr/local/lib/node_modules/bower
56 silly install write writing bower 1.7.9 to /usr/local/lib/node_modules/bower
57 verbose unbuild lib/node_modules/bower
58 info preuninstall bower@1.7.7
59 info uninstall bower@1.7.7
60 verbose unbuild rmStuff bower@1.7.7 from /usr/local/lib/node_modules
61 silly gentlyRm /usr/local/bin/bower is being gently removed
62 silly gentlyRm verifying /usr/local is an npm working directory
63 silly gentlyRm containing path /usr/local is under npm's control, in /usr/local
64 silly gentlyRm deletion target /usr/local/bin/bower is under /usr/local
65 verbose gentlyRm vacuuming from /usr/local/bin/bower up to /usr/local
66 silly vacuum-fs removing /usr/local/bin/bower
67 silly vacuum-fs quitting because other entries in /usr/local/bin
68 info postuninstall bower@1.7.7
69 silly gentlyRm /usr/local/lib/node_modules/bower is being purged from base /usr/local
70 verbose gentlyRm don't care about contents; nuking /usr/local/lib/node_modules/bower
71 silly vacuum-fs purging /usr/local/lib/node_modules/bower
72 verbose unlock done using /Users/Eric/.npm/_locks/bower-e8debc5417026b57.lock for /usr/local/lib/node_modules/bower
73 verbose stack Error: EACCES: permission denied, rmdir '/usr/local/lib/node_modules/bower'
73 verbose stack     at Error (native)
74 verbose cwd /Users/Eric/Source/Repos/go/src/github.com/eirwin/polling-machine/client
75 error Darwin 15.0.0
76 error argv "/usr/local/bin/node" "/usr/local/bin/npm" "install" "-g" "bower"
77 error node v5.1.0
78 error npm  v2.15.6
79 error path /usr/local/lib/node_modules/bower
80 error code EACCES
81 error errno -13
82 error syscall rmdir
83 error Error: EACCES: permission denied, rmdir '/usr/local/lib/node_modules/bower'
83 error     at Error (native)
83 error  { [Error: EACCES: permission denied, rmdir '/usr/local/lib/node_modules/bower']
83 error   errno: -13,
83 error   code: 'EACCES',
83 error   syscall: 'rmdir',
83 error   path: '/usr/local/lib/node_modules/bower' }
84 error Please try running this command again as root/Administrator.
85 verbose exit [ -13, true ]
86 verbose unbuild lib/node_modules/bower
87 info preuninstall bower@1.7.7
88 info uninstall bower@1.7.7
89 verbose unbuild rmStuff bower@1.7.7 from /usr/local/lib/node_modules
90 silly gentlyRm /usr/local/bin/bower is being gently removed
91 silly gentlyRm verifying /usr/local is an npm working directory
92 silly gentlyRm containing path /usr/local is under npm's control, in /usr/local
93 silly gentlyRm deletion target /usr/local/bin/bower is under /usr/local
94 verbose gentlyRm vacuuming from /usr/local/bin/bower up to /usr/local
95 info postuninstall bower@1.7.7
96 silly gentlyRm /usr/local/lib/node_modules/bower is being purged from base /usr/local
97 verbose gentlyRm don't care about contents; nuking /usr/local/lib/node_modules/bower
98 silly vacuum-fs purging /usr/local/lib/node_modules/bower
99 error error rolling back Error: EACCES: permission denied, rmdir '/usr/local/lib/node_modules/bower'
99 error error rolling back     at Error (native)
99 error error rolling back  { [Error: EACCES: permission denied, rmdir '/usr/local/lib/node_modules/bower']
99 error error rolling back   errno: -13,
99 error error rolling back   code: 'EACCES',
99 error error rolling back   syscall: 'rmdir',
99 error error rolling back   path: '/usr/local/lib/node_modules/bower' }
